<?xml version="1.0" encoding="UTF-8"?>
<testsuites>
    <testsuite name="searching-for-vote-cards-app;google-search-for-vote-cards-app" tests="2" failures="0" skipped="0">
        <properties>
            <property name="@search" value="true">
            </property>
            <property name="URI" value="/Users/cvarjao/Documents/GitHub/cvarjao-o/hello-world/hello-test1/features/google-search.feature">
            </property>
        </properties>
        <testcase name="When I search Google for &quot;itunes vote cards app&quot;" classname="searching-for-vote-cards-app;google-search-for-vote-cards-app" time="4.459859986">
        </testcase>
        <testcase name="Then I should see &quot;Vote Cards&quot; in the results" classname="searching-for-vote-cards-app;google-search-for-vote-cards-app" time="0.864860011">
        </testcase>
    </testsuite>
    <testsuite name="searching-for-vote-cards-app;google-search-for-course-of-life-app" tests="2" failures="0" skipped="0">
        <properties>
            <property name="@search" value="true">
            </property>
            <property name="URI" value="/Users/cvarjao/Documents/GitHub/cvarjao-o/hello-world/hello-test1/features/google-search.feature">
            </property>
        </properties>
        <testcase name="When I search Google for &quot;CourseOf.Life&quot;" classname="searching-for-vote-cards-app;google-search-for-course-of-life-app" time="4.197939175">
        </testcase>
        <testcase name="Then I should see some results" classname="searching-for-vote-cards-app;google-search-for-course-of-life-app" time="0.358456552">
        </testcase>
    </testsuite>
</testsuites>